2017-03-07.16:13:49 INFO  [main] edu.muc.marking.test.DaoTest.testR:46  陈立
2017-03-07.16:13:49 INFO  [main] edu.muc.marking.test.DaoTest.testR:46  韦恩德
2017-03-07.16:13:49 INFO  [main] edu.muc.marking.test.DaoTest.testR:46  乌英格
2017-03-07.16:13:49 INFO  [main] edu.muc.marking.test.DaoTest.testR:46  沙拉瓦特·海拉提
2017-03-07.16:13:49 INFO  [main] edu.muc.marking.test.DaoTest.testR:46  田桐珲
2017-03-07.16:13:49 INFO  [main] edu.muc.marking.test.DaoTest.testR:46  阿力木江·多力坤
2017-03-07.16:13:49 INFO  [main] edu.muc.marking.test.DaoTest.testR:46  加尼别克·阿布拉
2017-03-07.16:13:49 INFO  [main] edu.muc.marking.test.DaoTest.testR:46  热甫哈提
2017-03-07.16:13:49 INFO  [main] edu.muc.marking.test.DaoTest.testR:46  卡哈别克·木热提
2017-03-07.16:13:49 INFO  [main] edu.muc.marking.test.DaoTest.testR:46  马合怕丽
2017-03-07.16:13:49 INFO  [main] edu.muc.marking.test.DaoTest.testR:46  阿依努尔·卡地尔
2017-03-07.16:13:49 INFO  [main] edu.muc.marking.test.DaoTest.testR:46  萨依甫加马丽·依马木
2017-03-07.16:13:49 INFO  [main] edu.muc.marking.test.DaoTest.testR:46  南颖
2017-03-07.16:13:49 INFO  [main] edu.muc.marking.test.DaoTest.testR:46  吐尼沙汗·艾合买提江
2017-03-07.16:13:49 INFO  [main] edu.muc.marking.test.DaoTest.testR:46  古里白合热木·胡吉
2017-03-07.16:13:49 INFO  [main] edu.muc.marking.test.DaoTest.testR:46  阿扎提古丽·麦提努尔
2017-03-07.16:13:49 INFO  [main] edu.muc.marking.test.DaoTest.testR:46  买吾来江·于山江
2017-03-07.16:13:49 INFO  [main] edu.muc.marking.test.DaoTest.testR:46  吐尔荪艾力·斯提买买提
2017-03-07.16:13:49 INFO  [main] edu.muc.marking.test.DaoTest.testR:46  阿丽屯古丽·加帕尔
2017-03-07.16:13:49 INFO  [main] edu.muc.marking.test.DaoTest.testR:46  木克热木·艾买提
2017-03-07.16:13:49 INFO  [main] edu.muc.marking.test.DaoTest.testR:46  祖丽皮耶·阿卜力克木
2017-03-07.16:13:49 INFO  [main] edu.muc.marking.test.DaoTest.testR:46  古丽加玛丽·尔肯
2017-03-07.16:13:49 INFO  [main] edu.muc.marking.test.DaoTest.testR:46  米纳瓦尔
2017-03-07.16:13:49 INFO  [main] edu.muc.marking.test.DaoTest.testR:46  努尔艾力·毛拉
2017-03-07.16:13:49 INFO  [main] edu.muc.marking.test.DaoTest.testR:46  阿地力江·比建
2017-03-07.16:13:49 INFO  [main] edu.muc.marking.test.DaoTest.testR:46  麦日排提·阿卜杜凯尤木
2017-03-07.16:13:49 INFO  [main] edu.muc.marking.test.DaoTest.testR:46  杰米兰·艾合买
2017-03-07.16:13:49 INFO  [main] edu.muc.marking.test.DaoTest.testR:46  艾克拜尔·吾守尔
2017-03-07.16:13:49 INFO  [main] edu.muc.marking.test.DaoTest.testR:46  古丽妮尕尔·玉苏普
2017-03-07.16:13:49 INFO  [main] edu.muc.marking.test.DaoTest.testR:46  凯比努尔·伊米尔哈则
2017-03-07.16:13:49 INFO  [main] edu.muc.marking.test.DaoTest.testR:46  古丽娜尔·菊热
2017-03-07.16:13:49 INFO  [main] edu.muc.marking.test.DaoTest.testR:46  麦图迪·麦吐如则
2017-03-07.16:13:49 INFO  [main] edu.muc.marking.test.DaoTest.testR:46  努尔斯曼古丽·麦麦提
2017-03-07.16:13:49 INFO  [main] edu.muc.marking.test.DaoTest.testR:46  阿依吐啦·托合提
2017-03-07.16:13:49 INFO  [main] edu.muc.marking.test.DaoTest.testR:46  木尼热
2017-03-07.16:13:49 INFO  [main] edu.muc.marking.test.DaoTest.testR:46  阿依古丽·图尔荪尼亚孜
2017-03-07.16:13:49 INFO  [main] edu.muc.marking.test.DaoTest.testR:46  古丽巴哈尔·赛麦提
2017-03-07.16:13:49 INFO  [main] edu.muc.marking.test.DaoTest.testR:46  努尔扎担·吐尔孙
2017-03-07.16:13:49 INFO  [main] edu.muc.marking.test.DaoTest.testR:46  古孜阿依·吐尔松太
2017-03-07.16:13:49 INFO  [main] edu.muc.marking.test.DaoTest.testR:46  艾买尔·买提沙吾尔
2017-03-07.16:13:49 INFO  [main] edu.muc.marking.test.DaoTest.testR:46  阿依努尔·艾则孜
2017-03-07.16:13:49 INFO  [main] edu.muc.marking.test.DaoTest.testR:46  阿迪来·依布拉音木
2017-03-07.16:13:49 INFO  [main] edu.muc.marking.test.DaoTest.testR:46  努力也木·买买提
2017-03-07.16:13:49 INFO  [main] edu.muc.marking.test.DaoTest.testR:46  祖白地古丽·艾尼
2017-03-07.16:13:49 INFO  [main] edu.muc.marking.test.DaoTest.testR:46  吐尔尼亚孜汗·苏外都拉
2017-03-07.16:13:49 INFO  [main] edu.muc.marking.test.DaoTest.testR:46  阿布都拉·吐松
2017-03-07.16:13:49 INFO  [main] edu.muc.marking.test.DaoTest.testR:46  迪丽拜尔柯孜·尤努斯
2017-03-07.16:13:49 INFO  [main] edu.muc.marking.test.DaoTest.testR:46  阿孜古丽·库尔班
2017-03-07.16:13:49 INFO  [main] edu.muc.marking.test.DaoTest.testR:46  沙黑然木·库尔班江
2017-03-07.16:13:49 INFO  [main] edu.muc.marking.test.DaoTest.testR:46  热沙来提·艾则孜
2017-03-07.16:13:49 INFO  [main] edu.muc.marking.test.DaoTest.testR:46  阿热依·努尔兰
2017-03-07.16:13:49 INFO  [main] edu.muc.marking.test.DaoTest.testR:46  赛力克·黑沙
2017-03-07.16:13:49 INFO  [main] edu.muc.marking.test.DaoTest.testR:46  阿迪纳西·吾扎提
2017-03-07.16:13:49 INFO  [main] edu.muc.marking.test.DaoTest.testR:46  迪娜尔·马那提
2017-03-07.16:13:49 INFO  [main] edu.muc.marking.test.DaoTest.testR:46  艾丽姑丽·奴尔达依尔
2017-03-07.16:13:49 INFO  [main] edu.muc.marking.test.DaoTest.testR:46  托合塔吾·塔吾
2017-03-07.16:13:49 INFO  [main] edu.muc.marking.test.DaoTest.testR:46  阿义那·买尔汗
2017-03-07.16:13:49 INFO  [main] edu.muc.marking.test.DaoTest.testR:46  卡力玛提·吉恩思
2017-03-07.16:13:49 INFO  [main] edu.muc.marking.test.DaoTest.testR:46  加依娜尔·提列吾
2017-03-07.16:13:49 INFO  [main] edu.muc.marking.test.DaoTest.testR:46  帕吐拉·哈勒木别克
2017-03-07.16:13:49 INFO  [main] edu.muc.marking.test.DaoTest.testR:46  阿依丁古丽·吐尔得汉
2017-03-07.16:13:49 INFO  [main] edu.muc.marking.test.DaoTest.testR:46  阿依说哈·阿扎提江
2017-03-07.16:13:49 INFO  [main] edu.muc.marking.test.DaoTest.testR:46  恒巴特·木尔扎别克
2017-03-07.16:13:49 INFO  [main] edu.muc.marking.test.DaoTest.testR:46  加娜尔·巴克提努尔
2017-03-07.16:13:49 INFO  [main] edu.muc.marking.test.DaoTest.testR:46  熟乎拉·努尔勒别克
2017-03-07.16:13:49 INFO  [main] edu.muc.marking.test.DaoTest.testR:46  吐尔汗古丽·沙马尔
2017-03-07.16:13:49 INFO  [main] edu.muc.marking.test.DaoTest.testR:46  热依扎·额斯哈克
2017-03-07.16:13:49 INFO  [main] edu.muc.marking.test.DaoTest.testR:46  吾拉斯·布尔力克
2017-03-07.16:13:49 INFO  [main] edu.muc.marking.test.DaoTest.testR:46  买尔瓦提·哈德汗
2017-03-07.16:13:49 INFO  [main] edu.muc.marking.test.DaoTest.testR:46  阿衣波塔·阿力加拜
2017-03-07.16:13:49 INFO  [main] edu.muc.marking.test.DaoTest.testR:46  努尔古丽·阿达力汗
2017-03-07.16:13:49 INFO  [main] edu.muc.marking.test.DaoTest.testR:46  玛丽开·阿得力汗
2017-03-07.16:13:49 INFO  [main] edu.muc.marking.test.DaoTest.testR:46  拉巴旦增
2017-03-07.16:13:49 INFO  [main] edu.muc.marking.test.DaoTest.testR:46  德吉卓玛
2017-03-07.16:13:49 INFO  [main] edu.muc.marking.test.DaoTest.testR:46  嘎玛曲尼多吉
2017-03-07.16:13:49 INFO  [main] edu.muc.marking.test.DaoTest.testR:46  丁立颖
2017-03-07.16:13:49 INFO  [main] edu.muc.marking.test.DaoTest.testR:46  陈太阳
2017-03-07.16:13:49 INFO  [main] edu.muc.marking.test.DaoTest.testR:46  马永强
2017-03-07.16:13:49 INFO  [main] edu.muc.marking.test.DaoTest.testR:46  李希景
2017-03-07.16:13:49 INFO  [main] edu.muc.marking.test.DaoTest.testR:46  刘维凡
2017-03-07.16:13:49 INFO  [main] edu.muc.marking.test.DaoTest.testR:46  马靖猷
2017-03-07.16:13:49 INFO  [main] edu.muc.marking.test.DaoTest.testR:46  叶尔波勒·木耐
2017-03-07.16:13:49 INFO  [main] edu.muc.marking.test.DaoTest.testR:46  孙靖沄
2017-03-07.16:13:49 INFO  [main] edu.muc.marking.test.DaoTest.testR:46  热宛·波拉提
2017-03-07.16:13:49 INFO  [main] edu.muc.marking.test.DaoTest.testR:46  沈泽文
2017-03-07.16:13:49 INFO  [main] edu.muc.marking.test.DaoTest.testR:46  王韵茹
2017-03-07.16:13:49 INFO  [main] edu.muc.marking.test.DaoTest.testR:46  王成坤
2017-03-07.16:13:49 INFO  [main] edu.muc.marking.test.DaoTest.testR:46  顾发文
2017-03-07.16:13:49 INFO  [main] edu.muc.marking.test.DaoTest.testR:46  郑铭萱
2017-03-07.16:13:49 INFO  [main] edu.muc.marking.test.DaoTest.testR:46  周琳
2017-03-07.16:13:49 INFO  [main] edu.muc.marking.test.DaoTest.testR:46  杜雯怡
2017-03-07.16:13:49 INFO  [main] edu.muc.marking.test.DaoTest.testR:46  古丽米热·阿哈提
2017-03-07.16:13:49 INFO  [main] edu.muc.marking.test.DaoTest.testR:46  魏歆芮
2017-03-07.16:13:49 INFO  [main] edu.muc.marking.test.DaoTest.testR:46  马栋宇
2017-03-07.16:13:49 INFO  [main] edu.muc.marking.test.DaoTest.testR:46  段博伟
2017-03-07.16:13:49 INFO  [main] edu.muc.marking.test.DaoTest.testR:46  梁丽琼
2017-03-07.16:13:49 INFO  [main] edu.muc.marking.test.DaoTest.testR:46  李文心
2017-03-07.16:13:49 INFO  [main] edu.muc.marking.test.DaoTest.testR:46  郭昊
2017-03-07.16:13:49 INFO  [main] edu.muc.marking.test.DaoTest.testR:46  高莹
2017-03-07.16:13:49 INFO  [main] edu.muc.marking.test.DaoTest.testR:46  徐欣然
2017-03-07.16:13:49 INFO  [main] edu.muc.marking.test.DaoTest.testR:46  张云齐
2017-03-07.16:13:49 INFO  [main] edu.muc.marking.test.DaoTest.testR:46  马晓凡
2017-03-07.16:13:49 INFO  [main] edu.muc.marking.test.DaoTest.testR:46  李娜
2017-03-07.16:13:49 INFO  [main] edu.muc.marking.test.DaoTest.testR:46  顾媛琪
2017-03-07.16:13:49 INFO  [main] edu.muc.marking.test.DaoTest.testR:46  黄云鹤
2017-03-07.16:13:49 INFO  [main] edu.muc.marking.test.DaoTest.testR:46  马丽君
2017-03-07.16:13:49 INFO  [main] edu.muc.marking.test.DaoTest.testR:46  李光浩
2017-03-07.16:13:49 INFO  [main] edu.muc.marking.test.DaoTest.testR:46  李璧晗
2017-03-07.16:13:49 INFO  [main] edu.muc.marking.test.DaoTest.testR:46  刘志兴
2017-03-07.16:13:49 INFO  [main] edu.muc.marking.test.DaoTest.testR:46  赵美莹
2017-03-07.16:13:49 INFO  [main] edu.muc.marking.test.DaoTest.testR:46  张馨儿
2017-03-07.16:13:49 INFO  [main] edu.muc.marking.test.DaoTest.testR:46  袁欣蕊
2017-03-07.16:13:49 INFO  [main] edu.muc.marking.test.DaoTest.testR:46  隋易睿
2017-03-07.16:13:49 INFO  [main] edu.muc.marking.test.DaoTest.testR:46  沈凯霖
2017-03-07.16:13:49 INFO  [main] edu.muc.marking.test.DaoTest.testR:46  潘星宇
2017-03-07.16:13:49 INFO  [main] edu.muc.marking.test.DaoTest.testR:46  苏曼
2017-03-07.16:13:49 INFO  [main] edu.muc.marking.test.DaoTest.testR:46  李盟伊
2017-03-07.16:13:49 INFO  [main] edu.muc.marking.test.DaoTest.testR:46  李倩茹
2017-03-07.16:13:49 INFO  [main] edu.muc.marking.test.DaoTest.testR:46  王旭
2017-03-07.16:13:49 INFO  [main] edu.muc.marking.test.DaoTest.testR:46  吴牧阳
2017-03-07.16:13:49 INFO  [main] edu.muc.marking.test.DaoTest.testR:46  童柏翔
2017-03-07.16:13:49 INFO  [main] edu.muc.marking.test.DaoTest.testR:46  王子贤
2017-03-07.16:13:49 INFO  [main] edu.muc.marking.test.DaoTest.testR:46  涂显芝
